C:\USERS\JOSEF\DESKTOP\מעבדה CPP\EX3\EX3\DEBUG\EX3.EXE
C:\Users\josef\Desktop\מעבדה cpp\ex3\ex3\Debug\ex3.pdb
C:\Users\josef\Desktop\מעבדה cpp\ex3\ex3\ex3\Debug\cl.command.1.tlog
C:\Users\josef\Desktop\מעבדה cpp\ex3\ex3\ex3\Debug\CL.read.1.tlog
C:\Users\josef\Desktop\מעבדה cpp\ex3\ex3\ex3\Debug\CL.write.1.tlog
C:\Users\josef\Desktop\מעבדה cpp\ex3\ex3\ex3\Debug\ex3.exe.intermediate.manifest
C:\Users\josef\Desktop\מעבדה cpp\ex3\ex3\ex3\Debug\ex3.vcxprojResolveAssemblyReference.cache
C:\Users\josef\Desktop\מעבדה cpp\ex3\ex3\ex3\Debug\ex3.write.1.tlog
C:\Users\josef\Desktop\מעבדה cpp\ex3\ex3\ex3\Debug\link.command.1.tlog
C:\Users\josef\Desktop\מעבדה cpp\ex3\ex3\ex3\Debug\link.read.1.tlog
C:\Users\josef\Desktop\מעבדה cpp\ex3\ex3\ex3\Debug\link.write.1.tlog
C:\USERS\JOSEF\DESKTOP\מעבדה CPP\EX3\EX3\EX3\DEBUG\MAIN.OBJ
C:\Users\josef\Desktop\מעבדה cpp\ex3\ex3\ex3\Debug\mt.command.1.tlog
C:\Users\josef\Desktop\מעבדה cpp\ex3\ex3\ex3\Debug\mt.read.1.tlog
C:\Users\josef\Desktop\מעבדה cpp\ex3\ex3\ex3\Debug\mt.write.1.tlog
C:\USERS\JOSEF\DESKTOP\מעבדה CPP\EX3\EX3\EX3\DEBUG\SPUARE.OBJ
C:\Users\josef\Desktop\מעבדה cpp\ex3\ex3\ex3\Debug\vc100.idb
C:\USERS\JOSEF\DESKTOP\מעבדה CPP\EX3\EX3\EX3\DEBUG\VC100.PDB
C:\USERS\JOSEF\DOCUMENTS\VISUAL STUDIO 2010\PROJECTS\GG\EX3\DEBUG\EX3.EXE
C:\USERS\JOSEF\DOCUMENTS\VISUAL STUDIO 2010\PROJECTS\GG\EX3\DEBUG\EX3.ILK
C:\USERS\JOSEF\DOCUMENTS\VISUAL STUDIO 2010\PROJECTS\GG\EX3\DEBUG\EX3.PDB
C:\USERS\JOSEF\DOCUMENTS\VISUAL STUDIO 2010\PROJECTS\GG\EX3\EX3\DEBUG\EX3.EXE.INTERMEDIATE.MANIFEST
C:\USERS\JOSEF\DOCUMENTS\VISUAL STUDIO 2010\PROJECTS\GG\EX3\EX3\DEBUG\MAIN.OBJ
C:\USERS\JOSEF\DOCUMENTS\VISUAL STUDIO 2010\PROJECTS\GG\EX3\EX3\DEBUG\SPUARE.OBJ
C:\USERS\JOSEF\DOCUMENTS\VISUAL STUDIO 2010\PROJECTS\GG\EX3\EX3\DEBUG\VC100.PDB
